Grammar

    0 $accept: Program $end

    1 Program: VarDeclList StmtList

    2 VarDeclList: ε
    3            | VarDecl VarDeclList

    4 VarDecl: TYPE ID SEMICOLON
    5        | TYPE ID

    6 StmtList: ε
    7         | Stmt StmtList

    8 Stmt: ID EQ Expr SEMICOLON
    9     | WRITE ID SEMICOLON

   10 Expr: ID BinOp ID
   11     | ID
   12     | NUMBER

   13 BinOp: PLUS


Terminals, with rules where they appear

    $end (0) 0
    error (256)
    TYPE <string> (258) 4 5
    ID <string> (259) 4 5 8 9 10 11
    SEMICOLON <char> (260) 4 8 9
    EQ <operator> (261) 8
    PLUS <char> (262) 13
    NUMBER <number> (263) 12
    WRITE <string> (264) 9


Nonterminals, with rules where they appear

    $accept (10)
        on left: 0
    Program <ast> (11)
        on left: 1
        on right: 0
    VarDeclList <ast> (12)
        on left: 2 3
        on right: 1 3
    VarDecl <ast> (13)
        on left: 4 5
        on right: 3
    StmtList <ast> (14)
        on left: 6 7
        on right: 1 7
    Stmt <ast> (15)
        on left: 8 9
        on right: 7
    Expr <ast> (16)
        on left: 10 11 12
        on right: 8
    BinOp <ast> (17)
        on left: 13
        on right: 10


State 0

    0 $accept: • Program $end

    TYPE  shift, and go to state 1

    $default  reduce using rule 2 (VarDeclList)

    Program      go to state 2
    VarDeclList  go to state 3
    VarDecl      go to state 4


State 1

    4 VarDecl: TYPE • ID SEMICOLON
    5        | TYPE • ID

    ID  shift, and go to state 5


State 2

    0 $accept: Program • $end

    $end  shift, and go to state 6


State 3

    1 Program: VarDeclList • StmtList

    ID     shift, and go to state 7
    WRITE  shift, and go to state 8

    $default  reduce using rule 6 (StmtList)

    StmtList  go to state 9
    Stmt      go to state 10


State 4

    3 VarDeclList: VarDecl • VarDeclList

    TYPE  shift, and go to state 1

    $default  reduce using rule 2 (VarDeclList)

    VarDeclList  go to state 11
    VarDecl      go to state 4


State 5

    4 VarDecl: TYPE ID • SEMICOLON
    5        | TYPE ID •

    SEMICOLON  shift, and go to state 12

    $default  reduce using rule 5 (VarDecl)


State 6

    0 $accept: Program $end •

    $default  accept


State 7

    8 Stmt: ID • EQ Expr SEMICOLON

    EQ  shift, and go to state 13


State 8

    9 Stmt: WRITE • ID SEMICOLON

    ID  shift, and go to state 14


State 9

    1 Program: VarDeclList StmtList •

    $default  reduce using rule 1 (Program)


State 10

    7 StmtList: Stmt • StmtList

    ID     shift, and go to state 7
    WRITE  shift, and go to state 8

    $default  reduce using rule 6 (StmtList)

    StmtList  go to state 15
    Stmt      go to state 10


State 11

    3 VarDeclList: VarDecl VarDeclList •

    $default  reduce using rule 3 (VarDeclList)


State 12

    4 VarDecl: TYPE ID SEMICOLON •

    $default  reduce using rule 4 (VarDecl)


State 13

    8 Stmt: ID EQ • Expr SEMICOLON

    ID      shift, and go to state 16
    NUMBER  shift, and go to state 17

    Expr  go to state 18


State 14

    9 Stmt: WRITE ID • SEMICOLON

    SEMICOLON  shift, and go to state 19


State 15

    7 StmtList: Stmt StmtList •

    $default  reduce using rule 7 (StmtList)


State 16

   10 Expr: ID • BinOp ID
   11     | ID •

    PLUS  shift, and go to state 20

    $default  reduce using rule 11 (Expr)

    BinOp  go to state 21


State 17

   12 Expr: NUMBER •

    $default  reduce using rule 12 (Expr)


State 18

    8 Stmt: ID EQ Expr • SEMICOLON

    SEMICOLON  shift, and go to state 22


State 19

    9 Stmt: WRITE ID SEMICOLON •

    $default  reduce using rule 9 (Stmt)


State 20

   13 BinOp: PLUS •

    $default  reduce using rule 13 (BinOp)


State 21

   10 Expr: ID BinOp • ID

    ID  shift, and go to state 23


State 22

    8 Stmt: ID EQ Expr SEMICOLON •

    $default  reduce using rule 8 (Stmt)


State 23

   10 Expr: ID BinOp ID •

    $default  reduce using rule 10 (Expr)
